<?xml version="1.0" encoding="UTF-8"?>
<!-- Generated by org.testng.reporters.JUnitXMLReporter -->
<testsuite hostname="malhi-PC" ignored="2" name="Test" tests="1" failures="0" timestamp="20 Dec 2019 12:15:30 GMT" time="12.228" errors="0">
  <testcase name="choose_Product_FromHome" time="12.176" classname="TestCases.HomePageTestCase"/>
  <testcase name="@BeforeSuite launchBrowser" time="0.0" classname="TestCases.BaseTestNgPage">
    <ignored/>
  </testcase> <!-- @BeforeSuite launchBrowser -->
  <testcase name="@BeforeSuite launchBrowser" time="0.0" classname="TestCases.BaseTestNgPage">
    <ignored/>
  </testcase> <!-- @BeforeSuite launchBrowser -->
</testsuite> <!-- Test -->
